<?xml version="1.0" encoding="UTF-8"?>
<!-- Generated by org.testng.reporters.JUnitXMLReporter -->
<testsuite hostname="Nipuns-MacBook-Pro.local" ignored="1" name="Default test(failed)" tests="1" failures="0" timestamp="2021-07-30T15:48:00 IST" time="7.42" errors="0">
  <testcase name="test2" time="3.687" classname="testcripts.TestNGSampleOne"/>
  <testcase name="f" time="0.0" classname="testcripts.TestNGSampleOne">
    <ignored/>
  </testcase> <!-- f -->
</testsuite> <!-- Default test(failed) -->
