<?xml version="1.0" encoding="UTF-8"?>
<!-- Generated by org.testng.reporters.JUnitXMLReporter -->
<testsuite hostname="Nipuns-MacBook-Pro.local" ignored="0" name="ModuleOneTest" tests="2" failures="2" timestamp="2021-08-03T15:44:40 IST" time="11.89" errors="0">
  <testcase name="f" time="2.448" classname="testcripts.TestNGSampleOne">
    <failure type="java.lang.AssertionError" message="expected [Java Tutorial - Google Search] but found [Google]">
      <![CDATA[java.lang.AssertionError: expected [Java Tutorial - Google Search] but found [Google]
at testcripts.TestNGSampleOne.f(TestNGSampleOne.java:55)
at java.util.ArrayList.forEach(ArrayList.java:1259)
... Removed 33 stack frames]]>
    </failure>
  </testcase> <!-- f -->
  <testcase name="test2" time="2.12" classname="testcripts.TestNGSampleOne">
    <failure type="java.lang.AssertionError" message="expected [Java Tutorial - Google Search] but found [Google]">
      <![CDATA[java.lang.AssertionError: expected [Java Tutorial - Google Search] but found [Google]
at testcripts.TestNGSampleOne.test2(TestNGSampleOne.java:68)
at java.util.ArrayList.forEach(ArrayList.java:1259)
... Removed 33 stack frames]]>
    </failure>
  </testcase> <!-- test2 -->
</testsuite> <!-- ModuleOneTest -->
