<?xml version="1.0" encoding="UTF-8"?>
<!-- Generated by org.testng.reporters.JUnitXMLReporter -->
<testsuite hostname="Nipuns-MacBook-Pro.local" ignored="0" name="ModuleTwoTest" tests="5" failures="0" timestamp="2021-08-02T17:03:50 IST" time="0.087" errors="0">
  <testcase name="searchAPITest" time="0.01" classname="parallelscripts.MethodsTest"/>
  <testcase name="searchAppiumTest" time="0.001" classname="parallelscripts.MethodsTest"/>
  <testcase name="searchCypressTest" time="0.001" classname="parallelscripts.MethodsTest"/>
  <testcase name="searchJavaTest" time="0.003" classname="parallelscripts.MethodsTest"/>
  <testcase name="searchSeleniumTest" time="0.001" classname="parallelscripts.MethodsTest"/>
</testsuite> <!-- ModuleTwoTest -->
