<?xml version="1.0" encoding="UTF-8"?>
<!-- Generated by org.testng.reporters.JUnitXMLReporter -->
<testsuite hostname="Nipuns-MacBook-Pro.local" ignored="2" name="ModuleOneTest" tests="3" failures="0" timestamp="2021-08-02T15:26:17 IST" time="0.052" errors="0">
  <testcase name="searchAPITest" time="0.009" classname="testcripts.GroupOneTest"/>
  <testcase name="searchCypressTest" time="0.001" classname="testcripts.GroupOneTest"/>
  <testcase name="searchJavaTest" time="0.001" classname="testcripts.GroupOneTest"/>
  <testcase name="searchAppiumTest" time="0.0" classname="testcripts.GroupOneTest">
    <ignored/>
  </testcase> <!-- searchAppiumTest -->
  <testcase name="searchSeleniumTest" time="0.0" classname="testcripts.GroupOneTest">
    <ignored/>
  </testcase> <!-- searchSeleniumTest -->
</testsuite> <!-- ModuleOneTest -->
