<?xml version="1.0" encoding="UTF-8"?>
<testng-results skipped="0" failed="0" ignored="0" total="1" passed="1">
  <reporter-output>
  </reporter-output>
  <suite name="Default suite" duration-ms="4570" started-at="2021-08-05T16:55:10 IST" finished-at="2021-08-05T16:55:14 IST">
    <groups>
    </groups>
    <test name="Default test" duration-ms="4570" started-at="2021-08-05T16:55:10 IST" finished-at="2021-08-05T16:55:14 IST">
      <class name="testcripts.HtmlUnitTest">
        <test-method status="PASS" signature="test()[pri:0, instance:testcripts.HtmlUnitTest@5d20e46]" name="test" duration-ms="4517" started-at="2021-08-05T16:55:10 IST" finished-at="2021-08-05T16:55:14 IST">
          <reporter-output>
          </reporter-output>
        </test-method> <!-- test -->
      </class> <!-- testcripts.HtmlUnitTest -->
    </test> <!-- Default test -->
  </suite> <!-- Default suite -->
</testng-results>
