<?xml version="1.0" encoding="UTF-8"?>
<!-- Generated by org.testng.reporters.JUnitReportReporter -->
<testsuite skipped="0" hostname="Nipuns-MacBook-Pro.local" name="parallelscripts.ClassTwoTest" tests="2" failures="0" timestamp="2021-08-02T17:03:51 IST" time="0.002" errors="0">
  <testcase name="methodOne" time="0.001" classname="parallelscripts.ClassTwoTest"/>
  <system-out/>
  <testcase name="methodTwo" time="0.001" classname="parallelscripts.ClassTwoTest"/>
  <system-out/>
</testsuite> <!-- parallelscripts.ClassTwoTest -->
